

*******************************************************************************
Tue Jun 10 17:13:14 2014


FIT:    data read from "0.960log"
        format = z
        #datapoints = 39
        residuals are weighted equally (unit weight)

function used for fitting: f(x)
fitted parameters initialized with current variable values



*******************************************************************************
Tue Jun 10 17:13:27 2014


FIT:    data read from "0.960log"
        format = z
        #datapoints = 39
        residuals are weighted equally (unit weight)

function used for fitting: f(x)
fitted parameters initialized with current variable values



 Iteration 0
 WSSR        : 6294.15           delta(WSSR)/WSSR   : 0
 delta(WSSR) : 0                 limit for stopping : 1e-05
 lambda	  : 8.1852

initial set of free parameter values

a               = 1
b               = 1

After 4 iterations the fit converged.
final sum of squares of residuals : 0.0306681
rel. change during last iteration : -1.78878e-07

degrees of freedom    (FIT_NDF)                        : 37
rms of residuals      (FIT_STDFIT) = sqrt(WSSR/ndf)    : 0.0287901
variance of residuals (reduced chisquare) = WSSR/ndf   : 0.000828868

Final set of parameters            Asymptotic Standard Error
=======================            ==========================

a               = 0.293435         +/- 0.009144     (3.116%)
b               = -0.0482392       +/- 0.0007929    (1.644%)


correlation matrix of the fit parameters:

               a      b      
a               1.000 
b              -0.864  1.000 
