

*******************************************************************************
Sun Jun  1 16:45:04 2014


FIT:    data read from '0.965d' u 1:3
        format = x:z
	y range restricted to [-26.2337 : 54.4519]
        #datapoints = 806
        residuals are weighted equally (unit weight)

function used for fitting: f(x)


*******************************************************************************
Sun Jun  1 16:45:09 2014


FIT:    data read from '0.965d' u 1:3
        format = x:z
	y range restricted to [-26.2337 : 54.4519]
        #datapoints = 806
        residuals are weighted equally (unit weight)

function used for fitting: f(x)
fitted parameters initialized with current variable values



 Iteration 0
 WSSR        : 5.0458e+36        delta(WSSR)/WSSR   : 0
 delta(WSSR) : 0                 limit for stopping : 1e-05
 lambda	  : 2.04076e+18

initial set of free parameter values

a               = 1
b               = 1
c               = 1

After 50 iterations the fit converged.
final sum of squares of residuals : 6.13361
rel. change during last iteration : -2.66006e-06

degrees of freedom    (FIT_NDF)                        : 803
rms of residuals      (FIT_STDFIT) = sqrt(WSSR/ndf)    : 0.0873978
variance of residuals (reduced chisquare) = WSSR/ndf   : 0.00763837

Final set of parameters            Asymptotic Standard Error
=======================            ==========================

a               = -2.04203         +/- 0.7856       (38.47%)
b               = 0.422239         +/- 0.1967       (46.58%)
c               = 10.7539          +/- 0.06089      (0.5662%)


correlation matrix of the fit parameters:

               a      b      c      
a               1.000 
b              -0.561  1.000 
c               0.511 -0.768  1.000 


*******************************************************************************
Sun Jun  1 17:07:36 2014


FIT:    data read from '0.965d' u 1:3
        format = x:z
	y range restricted to [-1.18425 : 3.77327]
        #datapoints = 76
        residuals are weighted equally (unit weight)

function used for fitting: f(x)
fitted parameters initialized with current variable values



 Iteration 0
 WSSR        : 121.047           delta(WSSR)/WSSR   : 0
 delta(WSSR) : 0                 limit for stopping : 1e-05
 lambda	  : 6.2603

initial set of free parameter values

a               = 0.5
b               = 0.5
c               = 0.05

After 35 iterations the fit converged.
final sum of squares of residuals : 1.82606
rel. change during last iteration : -9.41755e-06

degrees of freedom    (FIT_NDF)                        : 73
rms of residuals      (FIT_STDFIT) = sqrt(WSSR/ndf)    : 0.15816
variance of residuals (reduced chisquare) = WSSR/ndf   : 0.0250145

Final set of parameters            Asymptotic Standard Error
=======================            ==========================

a               = -2.13309         +/- 1.536        (72%)
b               = -0.435413        +/- 0.3731       (85.69%)
c               = 1.81621          +/- 0.1122       (6.18%)


correlation matrix of the fit parameters:

               a      b      c      
a               1.000 
b               0.540  1.000 
c              -0.509 -0.764  1.000 


*******************************************************************************
Sun Jun  1 17:24:40 2014


FIT:    data read from '0.965' u 1:3
        format = x:z
	y range restricted to [-1.18425 : 3.77327]
        #datapoints = 76
        residuals are weighted equally (unit weight)

function used for fitting: f2(x)
fitted parameters initialized with current variable values



 Iteration 0
 WSSR        : 44.746            delta(WSSR)/WSSR   : 0
 delta(WSSR) : 0                 limit for stopping : 1e-05
 lambda	  : 1.1085

initial set of free parameter values

l               = 1
k               = 1

After 5 iterations the fit converged.
final sum of squares of residuals : 2.11551
rel. change during last iteration : -3.78195e-10

degrees of freedom    (FIT_NDF)                        : 74
rms of residuals      (FIT_STDFIT) = sqrt(WSSR/ndf)    : 0.16908
variance of residuals (reduced chisquare) = WSSR/ndf   : 0.028588

Final set of parameters            Asymptotic Standard Error
=======================            ==========================

l               = 0.0110796        +/- 0.01769      (159.6%)
k               = 3.10567          +/- 0.03842      (1.237%)


correlation matrix of the fit parameters:

               l      k      
l               1.000 
k              -0.863  1.000 
