

*******************************************************************************
Tue Jun 10 14:47:52 2014


FIT:    data read from "0.980log"
        format = z
        #datapoints = 39
        residuals are weighted equally (unit weight)

function used for fitting: via (a,b)


*******************************************************************************
Tue Jun 10 14:48:30 2014


FIT:    data read from "0.980log"
        format = z
        #datapoints = 39
        residuals are weighted equally (unit weight)

function used for fitting: f(x)
fitted parameters initialized with current variable values



 Iteration 0
 WSSR        : 6316.28           delta(WSSR)/WSSR   : 0
 delta(WSSR) : 0                 limit for stopping : 1e-05
 lambda	  : 8.0129

initial set of free parameter values

a               = 1
b               = 1

After 4 iterations the fit converged.
final sum of squares of residuals : 1.3164
rel. change during last iteration : -8.80946e-09

degrees of freedom    (FIT_NDF)                        : 37
rms of residuals      (FIT_STDFIT) = sqrt(WSSR/ndf)    : 0.188622
variance of residuals (reduced chisquare) = WSSR/ndf   : 0.0355782

Final set of parameters            Asymptotic Standard Error
=======================            ==========================

a               = -0.141491        +/- 0.05871      (41.49%)
b               = -0.0394002       +/- 0.005201     (13.2%)


correlation matrix of the fit parameters:

               a      b      
a               1.000 
b              -0.857  1.000 


*******************************************************************************
Tue Jun 10 14:49:31 2014


FIT:    data read from "0.900log"
        format = z
        #datapoints = 38
        residuals are weighted equally (unit weight)

function used for fitting: f(x)
fitted parameters initialized with current variable values



 Iteration 0
 WSSR        : 83.1821           delta(WSSR)/WSSR   : 0
 delta(WSSR) : 0                 limit for stopping : 1e-05
 lambda	  : 8.04577

initial set of free parameter values

a               = -0.141491
b               = -0.0394002

After 4 iterations the fit converged.
final sum of squares of residuals : 0.103406
rel. change during last iteration : -2.71095e-07

degrees of freedom    (FIT_NDF)                        : 36
rms of residuals      (FIT_STDFIT) = sqrt(WSSR/ndf)    : 0.0535947
variance of residuals (reduced chisquare) = WSSR/ndf   : 0.00287239

Final set of parameters            Asymptotic Standard Error
=======================            ==========================

a               = -1.56182         +/- 0.01741      (1.115%)
b               = -0.0452966       +/- 0.001536     (3.391%)


correlation matrix of the fit parameters:

               a      b      
a               1.000 
b              -0.866  1.000 


*******************************************************************************
Tue Jun 10 14:50:36 2014


FIT:    data read from "0.920log"
        format = z
        #datapoints = 43
        residuals are weighted equally (unit weight)

function used for fitting: f(x)
fitted parameters initialized with current variable values



 Iteration 0
 WSSR        : 5.04597           delta(WSSR)/WSSR   : 0
 delta(WSSR) : 0                 limit for stopping : 1e-05
 lambda	  : 9.08642

initial set of free parameter values

a               = -1.56182
b               = -0.0452966

After 4 iterations the fit converged.
final sum of squares of residuals : 0.632354
rel. change during last iteration : -4.63199e-09

degrees of freedom    (FIT_NDF)                        : 41
rms of residuals      (FIT_STDFIT) = sqrt(WSSR/ndf)    : 0.12419
variance of residuals (reduced chisquare) = WSSR/ndf   : 0.0154233

Final set of parameters            Asymptotic Standard Error
=======================            ==========================

a               = -1.22264         +/- 0.03787      (3.098%)
b               = -0.0470084       +/- 0.002956     (6.289%)


correlation matrix of the fit parameters:

               a      b      
a               1.000 
b              -0.866  1.000 


*******************************************************************************
Tue Jun 10 14:51:01 2014


FIT:    data read from "0.940log"
        format = z
        #datapoints = 39
        residuals are weighted equally (unit weight)

function used for fitting: f(x)
fitted parameters initialized with current variable values



 Iteration 0
 WSSR        : 10.0203           delta(WSSR)/WSSR   : 0
 delta(WSSR) : 0                 limit for stopping : 1e-05
 lambda	  : 8.01468

initial set of free parameter values

a               = -1.22264
b               = -0.0470084

After 4 iterations the fit converged.
final sum of squares of residuals : 1.08076
rel. change during last iteration : -1.56319e-09

degrees of freedom    (FIT_NDF)                        : 37
rms of residuals      (FIT_STDFIT) = sqrt(WSSR/ndf)    : 0.170908
variance of residuals (reduced chisquare) = WSSR/ndf   : 0.0292097

Final set of parameters            Asymptotic Standard Error
=======================            ==========================

a               = -0.817811        +/- 0.05323      (6.509%)
b               = -0.039574        +/- 0.004715     (11.91%)


correlation matrix of the fit parameters:

               a      b      
a               1.000 
b              -0.858  1.000 


*******************************************************************************
Tue Jun 10 14:51:19 2014


FIT:    data read from "0.960log"
        format = z
        #datapoints = 39
        residuals are weighted equally (unit weight)

function used for fitting: f(x)
fitted parameters initialized with current variable values



 Iteration 0
 WSSR        : 41.0998           delta(WSSR)/WSSR   : 0
 delta(WSSR) : 0                 limit for stopping : 1e-05
 lambda	  : 8.1852

initial set of free parameter values

a               = -0.817811
b               = -0.039574

After 4 iterations the fit converged.
final sum of squares of residuals : 0.0306681
rel. change during last iteration : -5.60892e-07

degrees of freedom    (FIT_NDF)                        : 37
rms of residuals      (FIT_STDFIT) = sqrt(WSSR/ndf)    : 0.0287901
variance of residuals (reduced chisquare) = WSSR/ndf   : 0.000828868

Final set of parameters            Asymptotic Standard Error
=======================            ==========================

a               = 0.293435         +/- 0.009144     (3.116%)
b               = -0.0482392       +/- 0.0007929    (1.644%)


correlation matrix of the fit parameters:

               a      b      
a               1.000 
b              -0.864  1.000 


*******************************************************************************
Tue Jun 10 14:51:51 2014


FIT:    data read from "0.965log"
        format = z
        #datapoints = 77
        residuals are weighted equally (unit weight)

function used for fitting: f(x)
fitted parameters initialized with current variable values



 Iteration 0
 WSSR        : 2.24786           delta(WSSR)/WSSR   : 0
 delta(WSSR) : 0                 limit for stopping : 1e-05
 lambda	  : 16.2398

initial set of free parameter values

a               = 0.293435
b               = -0.0482392

After 4 iterations the fit converged.
final sum of squares of residuals : 0.0598373
rel. change during last iteration : -2.07193e-07

degrees of freedom    (FIT_NDF)                        : 75
rms of residuals      (FIT_STDFIT) = sqrt(WSSR/ndf)    : 0.0282459
variance of residuals (reduced chisquare) = WSSR/ndf   : 0.000797831

Final set of parameters            Asymptotic Standard Error
=======================            ==========================

a               = 0.459015         +/- 0.006429     (1.401%)
b               = -0.0480891       +/- 0.0002802    (0.5827%)


correlation matrix of the fit parameters:

               a      b      
a               1.000 
b              -0.866  1.000 


*******************************************************************************
Tue Jun 10 14:52:11 2014


FIT:    data read from "0.966log"
        format = z
        #datapoints = 78
        residuals are weighted equally (unit weight)

function used for fitting: f(x)
fitted parameters initialized with current variable values



 Iteration 0
 WSSR        : 0.0453715         delta(WSSR)/WSSR   : 0
 delta(WSSR) : 0                 limit for stopping : 1e-05
 lambda	  : 16.3979

initial set of free parameter values

a               = 0.459015
b               = -0.0480891

After 4 iterations the fit converged.
final sum of squares of residuals : 0.0451179
rel. change during last iteration : -4.01692e-11

degrees of freedom    (FIT_NDF)                        : 76
rms of residuals      (FIT_STDFIT) = sqrt(WSSR/ndf)    : 0.0243651
variance of residuals (reduced chisquare) = WSSR/ndf   : 0.000593657

Final set of parameters            Asymptotic Standard Error
=======================            ==========================

a               = 0.460995         +/- 0.005495     (1.192%)
b               = -0.0480981       +/- 0.0002372    (0.4931%)


correlation matrix of the fit parameters:

               a      b      
a               1.000 
b              -0.865  1.000 


*******************************************************************************
Tue Jun 10 14:52:30 2014


FIT:    data read from "0.967log"
        format = z
        #datapoints = 78
        residuals are weighted equally (unit weight)

function used for fitting: f(x)
fitted parameters initialized with current variable values



 Iteration 0
 WSSR        : 0.924898          delta(WSSR)/WSSR   : 0
 delta(WSSR) : 0                 limit for stopping : 1e-05
 lambda	  : 16.2443

initial set of free parameter values

a               = 0.460995
b               = -0.0480981

After 4 iterations the fit converged.
final sum of squares of residuals : 0.514004
rel. change during last iteration : -1.90506e-09

degrees of freedom    (FIT_NDF)                        : 76
rms of residuals      (FIT_STDFIT) = sqrt(WSSR/ndf)    : 0.0822388
variance of residuals (reduced chisquare) = WSSR/ndf   : 0.00676322

Final set of parameters            Asymptotic Standard Error
=======================            ==========================

a               = 0.510109         +/- 0.01837      (3.602%)
b               = -0.0469722       +/- 0.0008005    (1.704%)


correlation matrix of the fit parameters:

               a      b      
a               1.000 
b              -0.862  1.000 


*******************************************************************************
Tue Jun 10 14:52:49 2014


FIT:    data read from "0.968log"
        format = z
        #datapoints = 194
        residuals are weighted equally (unit weight)

function used for fitting: f(x)
fitted parameters initialized with current variable values



 Iteration 0
 WSSR        : 4.8061            delta(WSSR)/WSSR   : 0
 delta(WSSR) : 0                 limit for stopping : 1e-05
 lambda	  : 40.8969

initial set of free parameter values

a               = 0.510109
b               = -0.0469722

After 4 iterations the fit converged.
final sum of squares of residuals : 4.54348
rel. change during last iteration : -3.60118e-09

degrees of freedom    (FIT_NDF)                        : 192
rms of residuals      (FIT_STDFIT) = sqrt(WSSR/ndf)    : 0.153831
variance of residuals (reduced chisquare) = WSSR/ndf   : 0.0236639

Final set of parameters            Asymptotic Standard Error
=======================            ==========================

a               = 0.531579         +/- 0.02208      (4.154%)
b               = -0.0466852       +/- 0.0003818    (0.8179%)


correlation matrix of the fit parameters:

               a      b      
a               1.000 
b              -0.866  1.000 


*******************************************************************************
Tue Jun 10 14:53:09 2014


FIT:    data read from "0.969log"
        format = z
        #datapoints = 194
        residuals are weighted equally (unit weight)

function used for fitting: f(x)
fitted parameters initialized with current variable values



 Iteration 0
 WSSR        : 6.64785           delta(WSSR)/WSSR   : 0
 delta(WSSR) : 0                 limit for stopping : 1e-05
 lambda	  : 40.752

initial set of free parameter values

a               = 0.531579
b               = -0.0466852

After 4 iterations the fit converged.
final sum of squares of residuals : 6.55532
rel. change during last iteration : -6.40166e-10

degrees of freedom    (FIT_NDF)                        : 192
rms of residuals      (FIT_STDFIT) = sqrt(WSSR/ndf)    : 0.184776
variance of residuals (reduced chisquare) = WSSR/ndf   : 0.0341423

Final set of parameters            Asymptotic Standard Error
=======================            ==========================

a               = 0.520471         +/- 0.02643      (5.078%)
b               = -0.0468849       +/- 0.0004587    (0.9783%)


correlation matrix of the fit parameters:

               a      b      
a               1.000 
b              -0.865  1.000 


*******************************************************************************
Tue Jun 10 14:53:27 2014


FIT:    data read from "0.970log"
        format = z
        #datapoints = 78
        residuals are weighted equally (unit weight)

function used for fitting: f(x)
fitted parameters initialized with current variable values



 Iteration 0
 WSSR        : 2.94713           delta(WSSR)/WSSR   : 0
 delta(WSSR) : 0                 limit for stopping : 1e-05
 lambda	  : 16.186

initial set of free parameter values

a               = 0.520471
b               = -0.0468849

After 4 iterations the fit converged.
final sum of squares of residuals : 2.57004
rel. change during last iteration : -1.49682e-09

degrees of freedom    (FIT_NDF)                        : 76
rms of residuals      (FIT_STDFIT) = sqrt(WSSR/ndf)    : 0.183892
variance of residuals (reduced chisquare) = WSSR/ndf   : 0.0338163

Final set of parameters            Asymptotic Standard Error
=======================            ==========================

a               = 0.420921         +/- 0.04094      (9.727%)
b               = -0.0452208       +/- 0.00179      (3.959%)


correlation matrix of the fit parameters:

               a      b      
a               1.000 
b              -0.861  1.000 


*******************************************************************************
Tue Jun 10 14:53:47 2014


FIT:    data read from "0.975log"
        format = z
        #datapoints = 78
        residuals are weighted equally (unit weight)

function used for fitting: f(x)
fitted parameters initialized with current variable values



 Iteration 0
 WSSR        : 4.46595           delta(WSSR)/WSSR   : 0
 delta(WSSR) : 0                 limit for stopping : 1e-05
 lambda	  : 16.2483

initial set of free parameter values

a               = 0.420921
b               = -0.0452208

After 4 iterations the fit converged.
final sum of squares of residuals : 0.800762
rel. change during last iteration : -1.94651e-08

degrees of freedom    (FIT_NDF)                        : 76
rms of residuals      (FIT_STDFIT) = sqrt(WSSR/ndf)    : 0.102647
variance of residuals (reduced chisquare) = WSSR/ndf   : 0.0105363

Final set of parameters            Asymptotic Standard Error
=======================            ==========================

a               = 0.225623         +/- 0.02295      (10.17%)
b               = -0.0462877       +/- 0.0009995    (2.159%)


correlation matrix of the fit parameters:

               a      b      
a               1.000 
b              -0.862  1.000 


*******************************************************************************
Tue Jun 10 14:54:10 2014


FIT:    data read from "0.980log"
        format = z
        #datapoints = 39
        residuals are weighted equally (unit weight)

function used for fitting: f(x)
fitted parameters initialized with current variable values



 Iteration 0
 WSSR        : 4.89931           delta(WSSR)/WSSR   : 0
 delta(WSSR) : 0                 limit for stopping : 1e-05
 lambda	  : 8.0129

initial set of free parameter values

a               = 0.225623
b               = -0.0462877

After 4 iterations the fit converged.
final sum of squares of residuals : 1.3164
rel. change during last iteration : -1.05498e-09

degrees of freedom    (FIT_NDF)                        : 37
rms of residuals      (FIT_STDFIT) = sqrt(WSSR/ndf)    : 0.188622
variance of residuals (reduced chisquare) = WSSR/ndf   : 0.0355782

Final set of parameters            Asymptotic Standard Error
=======================            ==========================

a               = -0.141491        +/- 0.05871      (41.49%)
b               = -0.0394002       +/- 0.005201     (13.2%)


correlation matrix of the fit parameters:

               a      b      
a               1.000 
b              -0.857  1.000 


*******************************************************************************
Tue Jun 10 14:54:39 2014


FIT:    data read from "1.000log"
        format = z
        #datapoints = 39
        residuals are weighted equally (unit weight)

function used for fitting: f(x)
fitted parameters initialized with current variable values



 Iteration 0
 WSSR        : 20.6092           delta(WSSR)/WSSR   : 0
 delta(WSSR) : 0                 limit for stopping : 1e-05
 lambda	  : 7.96381

initial set of free parameter values

a               = -0.141491
b               = -0.0394002

After 4 iterations the fit converged.
final sum of squares of residuals : 3.12263
rel. change during last iteration : -1.54071e-09

degrees of freedom    (FIT_NDF)                        : 37
rms of residuals      (FIT_STDFIT) = sqrt(WSSR/ndf)    : 0.290509
variance of residuals (reduced chisquare) = WSSR/ndf   : 0.0843954

Final set of parameters            Asymptotic Standard Error
=======================            ==========================

a               = -0.854934        +/- 0.08994      (10.52%)
b               = -0.0347786       +/- 0.008017     (23.05%)


correlation matrix of the fit parameters:

               a      b      
a               1.000 
b              -0.856  1.000 


*******************************************************************************
Tue Jun 10 14:54:55 2014


FIT:    data read from "1.020log"
        format = z
        #datapoints = 39
        residuals are weighted equally (unit weight)

function used for fitting: f(x)
fitted parameters initialized with current variable values



 Iteration 0
 WSSR        : 9.9775            delta(WSSR)/WSSR   : 0
 delta(WSSR) : 0                 limit for stopping : 1e-05
 lambda	  : 8.17432

initial set of free parameter values

a               = -0.854934
b               = -0.0347786

After 4 iterations the fit converged.
final sum of squares of residuals : 0.192257
rel. change during last iteration : -1.13328e-08

degrees of freedom    (FIT_NDF)                        : 37
rms of residuals      (FIT_STDFIT) = sqrt(WSSR/ndf)    : 0.0720842
variance of residuals (reduced chisquare) = WSSR/ndf   : 0.00519614

Final set of parameters            Asymptotic Standard Error
=======================            ==========================

a               = -1.25479         +/- 0.02287      (1.823%)
b               = -0.0446123       +/- 0.001986     (4.451%)


correlation matrix of the fit parameters:

               a      b      
a               1.000 
b              -0.863  1.000 


*******************************************************************************
Tue Jun 10 14:55:22 2014


FIT:    data read from "1.060log"
        format = z
        #datapoints = 39
        residuals are weighted equally (unit weight)

function used for fitting: f(x)
fitted parameters initialized with current variable values



 Iteration 0
 WSSR        : 26.9125           delta(WSSR)/WSSR   : 0
 delta(WSSR) : 0                 limit for stopping : 1e-05
 lambda	  : 8.19182

initial set of free parameter values

a               = -1.25479
b               = -0.0446123

After 4 iterations the fit converged.
final sum of squares of residuals : 0.16375
rel. change during last iteration : -5.4096e-08

degrees of freedom    (FIT_NDF)                        : 37
rms of residuals      (FIT_STDFIT) = sqrt(WSSR/ndf)    : 0.0665258
variance of residuals (reduced chisquare) = WSSR/ndf   : 0.00442568

Final set of parameters            Asymptotic Standard Error
=======================            ==========================

a               = -2.04594         +/- 0.02117      (1.035%)
b               = -0.0482962       +/- 0.001834     (3.797%)


correlation matrix of the fit parameters:

               a      b      
a               1.000 
b              -0.864  1.000 


*******************************************************************************
Tue Jun 10 14:55:48 2014


FIT:    data read from "1.080log"
        format = z
        #datapoints = 40
        residuals are weighted equally (unit weight)

function used for fitting: f(x)
fitted parameters initialized with current variable values



 Iteration 0
 WSSR        : 8.73552           delta(WSSR)/WSSR   : 0
 delta(WSSR) : 0                 limit for stopping : 1e-05
 lambda	  : 8.14789

initial set of free parameter values

a               = -2.04594
b               = -0.0482962

After 4 iterations the fit converged.
final sum of squares of residuals : 7.95983
rel. change during last iteration : -3.83274e-11

degrees of freedom    (FIT_NDF)                        : 38
rms of residuals      (FIT_STDFIT) = sqrt(WSSR/ndf)    : 0.457678
variance of residuals (reduced chisquare) = WSSR/ndf   : 0.209469

Final set of parameters            Asymptotic Standard Error
=======================            ==========================

a               = -2.21577         +/- 0.1396       (6.299%)
b               = -0.0262479       +/- 0.01216      (46.32%)


correlation matrix of the fit parameters:

               a      b      
a               1.000 
b              -0.855  1.000 
